# JRE version: OpenJDK Runtime Environment (11.0.13) (build 11.0.13+0-b1751.21-8125866)
# Java VM: OpenJDK 64-Bit Server VM (11.0.13+0-b1751.21-8125866, mixed mode, tiered, compressed oops, g1 gc, windows-amd64)
Heap:
 garbage-first heap   total 260096K, used 161612K [0x0000000080000000, 0x0000000100000000)
  region size 1024K, 27 young (27648K), 2 survivors (2048K)
 Metaspace       used 129309K, capacity 133508K, committed 139856K, reserved 1169408K
  class space    used 16045K, capacity 17591K, committed 20352K, reserved 1048576K
GC Heap History (20 events):
Event: 361.959 GC heap before
{Heap before GC invocations=58 (full 0):
 garbage-first heap   total 260096K, used 131197K [0x0000000080000000, 0x0000000100000000)
  region size 1024K, 12 young (12288K), 7 survivors (7168K)
 Metaspace       used 128564K, capacity 132521K, committed 139600K, reserved 1169408K
  class space    used 15931K, capacity 17383K, committed 20352K, reserved 1048576K
}
Event: 361.967 GC heap after
{Heap after GC invocations=59 (full 0):
 garbage-first heap   total 260096K, used 120936K [0x0000000080000000, 0x0000000100000000)
  region size 1024K, 2 young (2048K), 2 survivors (2048K)
 Metaspace       used 128564K, capacity 132521K, committed 139600K, reserved 1169408K
  class space    used 15931K, capacity 17383K, committed 20352K, reserved 1048576K
}
Event: 362.129 GC heap before
{Heap before GC invocations=59 (full 0):
 garbage-first heap   total 260096K, used 157800K [0x0000000080000000, 0x0000000100000000)
  region size 1024K, 39 young (39936K), 2 survivors (2048K)
 Metaspace       used 128579K, capacity 132585K, committed 139600K, reserved 1169408K
  class space    used 15931K, capacity 17383K, committed 20352K, reserved 1048576K
}
Event: 362.148 GC heap after
{Heap after GC invocations=60 (full 0):
 garbage-first heap   total 260096K, used 142567K [0x0000000080000000, 0x0000000100000000)
  region size 1024K, 8 young (8192K), 8 survivors (8192K)
 Metaspace       used 128579K, capacity 132585K, committed 139600K, reserved 1169408K
  class space    used 15931K, capacity 17383K, committed 20352K, reserved 1048576K
}
Event: 363.758 GC heap before
{Heap before GC invocations=61 (full 0):
 garbage-first heap   total 260096K, used 202983K [0x0000000080000000, 0x0000000100000000)
  region size 1024K, 51 young (52224K), 8 survivors (8192K)
 Metaspace       used 128858K, capacity 132934K, committed 139600K, reserved 1169408K
  class space    used 15992K, capacity 17494K, committed 20352K, reserved 1048576K
}
Event: 363.774 GC heap after
{Heap after GC invocations=62 (full 0):
 garbage-first heap   total 260096K, used 149116K [0x0000000080000000, 0x0000000100000000)
  region size 1024K, 6 young (6144K), 6 survivors (6144K)
 Metaspace       used 128858K, capacity 132934K, committed 139600K, reserved 1169408K
  class space    used 15992K, capacity 17494K, committed 20352K, reserved 1048576K
}
Event: 363.792 GC heap before
{Heap before GC invocations=62 (full 0):
 garbage-first heap   total 260096K, used 155260K [0x0000000080000000, 0x0000000100000000)
  region size 1024K, 12 young (12288K), 6 survivors (6144K)
 Metaspace       used 128862K, capacity 132934K, committed 139600K, reserved 1169408K
  class space    used 15992K, capacity 17494K, committed 20352K, reserved 1048576K
}
Event: 363.804 GC heap after
{Heap after GC invocations=63 (full 0):
 garbage-first heap   total 260096K, used 139386K [0x0000000080000000, 0x0000000100000000)
  region size 1024K, 2 young (2048K), 2 survivors (2048K)
 Metaspace       used 128862K, capacity 132934K, committed 139600K, reserved 1169408K
  class space    used 15992K, capacity 17494K, committed 20352K, reserved 1048576K
}
Event: 364.097 GC heap before
{Heap before GC invocations=63 (full 0):
 garbage-first heap   total 260096K, used 172154K [0x0000000080000000, 0x0000000100000000)
  region size 1024K, 36 young (36864K), 2 survivors (2048K)
 Metaspace       used 128919K, capacity 133191K, committed 139856K, reserved 1169408K
  class space    used 16003K, capacity 17513K, committed 20352K, reserved 1048576K
}
Event: 364.103 GC heap after
{Heap after GC invocations=64 (full 0):
 garbage-first heap   total 260096K, used 139877K [0x0000000080000000, 0x0000000100000000)
  region size 1024K, 3 young (3072K), 3 survivors (3072K)
 Metaspace       used 128919K, capacity 133191K, committed 139856K, reserved 1169408K
  class space    used 16003K, capacity 17513K, committed 20352K, reserved 1048576K
}
Event: 392.729 GC heap before
{Heap before GC invocations=65 (full 0):
 garbage-first heap   total 260096K, used 193125K [0x0000000080000000, 0x0000000100000000)
  region size 1024K, 52 young (53248K), 3 survivors (3072K)
 Metaspace       used 129186K, capacity 133425K, committed 139856K, reserved 1169408K
  class space    used 16043K, capacity 17588K, committed 20352K, reserved 1048576K
}
Event: 392.737 GC heap after
{Heap after GC invocations=66 (full 0):
 garbage-first heap   total 260096K, used 129627K [0x0000000080000000, 0x0000000100000000)
  region size 1024K, 7 young (7168K), 7 survivors (7168K)
 Metaspace       used 129186K, capacity 133425K, committed 139856K, reserved 1169408K
  class space    used 16043K, capacity 17588K, committed 20352K, reserved 1048576K
}
Event: 392.753 GC heap before
{Heap before GC invocations=66 (full 0):
 garbage-first heap   total 260096K, used 133723K [0x0000000080000000, 0x0000000100000000)
  region size 1024K, 12 young (12288K), 7 survivors (7168K)
 Metaspace       used 129186K, capacity 133425K, committed 139856K, reserved 1169408K
  class space    used 16043K, capacity 17588K, committed 20352K, reserved 1048576K
}
Event: 392.765 GC heap after
{Heap after GC invocations=67 (full 0):
 garbage-first heap   total 260096K, used 122544K [0x0000000080000000, 0x0000000100000000)
  region size 1024K, 2 young (2048K), 2 survivors (2048K)
 Metaspace       used 129186K, capacity 133425K, committed 139856K, reserved 1169408K
  class space    used 16043K, capacity 17588K, committed 20352K, reserved 1048576K
}
Event: 392.886 GC heap before
{Heap before GC invocations=67 (full 0):
 garbage-first heap   total 260096K, used 154288K [0x0000000080000000, 0x0000000100000000)
  region size 1024K, 35 young (35840K), 2 survivors (2048K)
 Metaspace       used 129202K, capacity 133425K, committed 139856K, reserved 1169408K
  class space    used 16043K, capacity 17588K, committed 20352K, reserved 1048576K
}
Event: 392.901 GC heap after
{Heap after GC invocations=68 (full 0):
 garbage-first heap   total 260096K, used 141909K [0x0000000080000000, 0x0000000100000000)
  region size 1024K, 8 young (8192K), 8 survivors (8192K)
 Metaspace       used 129202K, capacity 133425K, committed 139856K, reserved 1169408K
  class space    used 16043K, capacity 17588K, committed 20352K, reserved 1048576K
}
Event: 394.431 GC heap before
{Heap before GC invocations=69 (full 0):
 garbage-first heap   total 260096K, used 200277K [0x0000000080000000, 0x0000000100000000)
  region size 1024K, 51 young (52224K), 8 survivors (8192K)
 Metaspace       used 129265K, capacity 133507K, committed 139856K, reserved 1169408K
  class space    used 16045K, capacity 17591K, committed 20352K, reserved 1048576K
}
Event: 394.445 GC heap after
{Heap after GC invocations=70 (full 0):
 garbage-first heap   total 260096K, used 146105K [0x0000000080000000, 0x0000000100000000)
  region size 1024K, 6 young (6144K), 6 survivors (6144K)
 Metaspace       used 129265K, capacity 133507K, committed 139856K, reserved 1169408K
  class space    used 16045K, capacity 17591K, committed 20352K, reserved 1048576K
}
Event: 394.472 GC heap before
{Heap before GC invocations=70 (full 0):
 garbage-first heap   total 260096K, used 152249K [0x0000000080000000, 0x0000000100000000)
  region size 1024K, 12 young (12288K), 6 survivors (6144K)
 Metaspace       used 129283K, capacity 133507K, committed 139856K, reserved 1169408K
  class space    used 16045K, capacity 17591K, committed 20352K, reserved 1048576K
}
Event: 394.484 GC heap after
{Heap after GC invocations=71 (full 0):
 garbage-first heap   total 260096K, used 138060K [0x0000000080000000, 0x0000000100000000)
  region size 1024K, 2 young (2048K), 2 survivors (2048K)
 Metaspace       used 129283K, capacity 133507K, committed 139856K, reserved 1169408K
  class space    used 16045K, capacity 17591K, committed 20352K, reserved 1048576K
}

