# JRE version: OpenJDK Runtime Environment (11.0.13) (build 11.0.13+0-b1751.21-8125866)
# Java VM: OpenJDK 64-Bit Server VM (11.0.13+0-b1751.21-8125866, mixed mode, tiered, compressed oops, g1 gc, windows-amd64)
Heap:
 garbage-first heap   total 260096K, used 143000K [0x0000000080000000, 0x0000000100000000)
  region size 1024K, 121 young (123904K), 13 survivors (13312K)
 Metaspace       used 48953K, capacity 50441K, committed 50556K, reserved 1093632K
  class space    used 6221K, capacity 6753K, committed 6860K, reserved 1048576K
GC Heap History (10 events):
Event: 0.675 GC heap before
{Heap before GC invocations=0 (full 0):
 garbage-first heap   total 260096K, used 29696K [0x0000000080000000, 0x0000000100000000)
  region size 1024K, 24 young (24576K), 0 survivors (0K)
 Metaspace       used 9749K, capacity 9960K, committed 10112K, reserved 1058816K
  class space    used 1001K, capacity 1069K, committed 1152K, reserved 1048576K
}
Event: 0.679 GC heap after
{Heap after GC invocations=1 (full 0):
 garbage-first heap   total 260096K, used 9070K [0x0000000080000000, 0x0000000100000000)
  region size 1024K, 3 young (3072K), 3 survivors (3072K)
 Metaspace       used 9749K, capacity 9960K, committed 10112K, reserved 1058816K
  class space    used 1001K, capacity 1069K, committed 1152K, reserved 1048576K
}
Event: 2.185 GC heap before
{Heap before GC invocations=1 (full 0):
 garbage-first heap   total 260096K, used 112494K [0x0000000080000000, 0x0000000100000000)
  region size 1024K, 105 young (107520K), 3 survivors (3072K)
 Metaspace       used 20773K, capacity 21129K, committed 21296K, reserved 1069056K
  class space    used 2525K, capacity 2688K, committed 2688K, reserved 1048576K
}
Event: 2.193 GC heap after
{Heap after GC invocations=2 (full 0):
 garbage-first heap   total 260096K, used 17213K [0x0000000080000000, 0x0000000100000000)
  region size 1024K, 11 young (11264K), 11 survivors (11264K)
 Metaspace       used 20773K, capacity 21129K, committed 21296K, reserved 1069056K
  class space    used 2525K, capacity 2688K, committed 2688K, reserved 1048576K
}
Event: 2.586 GC heap before
{Heap before GC invocations=3 (full 0):
 garbage-first heap   total 260096K, used 59197K [0x0000000080000000, 0x0000000100000000)
  region size 1024K, 52 young (53248K), 11 survivors (11264K)
 Metaspace       used 24939K, capacity 25506K, committed 25648K, reserved 1071104K
  class space    used 3191K, capacity 3383K, committed 3456K, reserved 1048576K
}
Event: 2.592 GC heap after
{Heap after GC invocations=4 (full 0):
 garbage-first heap   total 260096K, used 18712K [0x0000000080000000, 0x0000000100000000)
  region size 1024K, 3 young (3072K), 3 survivors (3072K)
 Metaspace       used 24939K, capacity 25506K, committed 25648K, reserved 1071104K
  class space    used 3191K, capacity 3383K, committed 3456K, reserved 1048576K
}
Event: 3.375 GC heap before
{Heap before GC invocations=4 (full 0):
 garbage-first heap   total 260096K, used 89368K [0x0000000080000000, 0x0000000100000000)
  region size 1024K, 73 young (74752K), 3 survivors (3072K)
 Metaspace       used 34814K, capacity 35613K, committed 35708K, reserved 1081344K
  class space    used 4468K, capacity 4780K, committed 4812K, reserved 1048576K
}
Event: 3.382 GC heap after
{Heap after GC invocations=5 (full 0):
 garbage-first heap   total 260096K, used 22149K [0x0000000080000000, 0x0000000100000000)
  region size 1024K, 6 young (6144K), 6 survivors (6144K)
 Metaspace       used 34814K, capacity 35613K, committed 35708K, reserved 1081344K
  class space    used 4468K, capacity 4780K, committed 4812K, reserved 1048576K
}
Event: 4.678 GC heap before
{Heap before GC invocations=6 (full 0):
 garbage-first heap   total 260096K, used 135813K [0x0000000080000000, 0x0000000100000000)
  region size 1024K, 114 young (116736K), 6 survivors (6144K)
 Metaspace       used 44410K, capacity 45448K, committed 45692K, reserved 1089536K
  class space    used 5602K, capacity 6019K, committed 6092K, reserved 1048576K
}
Event: 4.688 GC heap after
{Heap after GC invocations=7 (full 0):
 garbage-first heap   total 260096K, used 29336K [0x0000000080000000, 0x0000000100000000)
  region size 1024K, 13 young (13312K), 13 survivors (13312K)
 Metaspace       used 44410K, capacity 45448K, committed 45692K, reserved 1089536K
  class space    used 5602K, capacity 6019K, committed 6092K, reserved 1048576K
}

