# JRE version: OpenJDK Runtime Environment (11.0.13) (build 11.0.13+0-b1751.21-8125866)
# Java VM: OpenJDK 64-Bit Server VM (11.0.13+0-b1751.21-8125866, mixed mode, tiered, compressed oops, g1 gc, windows-amd64)
Heap:
 garbage-first heap   total 260096K, used 112035K [0x0000000080000000, 0x0000000100000000)
  region size 1024K, 56 young (57344K), 10 survivors (10240K)
 Metaspace       used 81529K, capacity 83653K, committed 83920K, reserved 1122304K
  class space    used 10708K, capacity 11483K, committed 11520K, reserved 1048576K
GC Heap History (18 events):
Event: 0.555 GC heap before
{Heap before GC invocations=0 (full 0):
 garbage-first heap   total 260096K, used 29696K [0x0000000080000000, 0x0000000100000000)
  region size 1024K, 24 young (24576K), 0 survivors (0K)
 Metaspace       used 9774K, capacity 9952K, committed 10112K, reserved 1058816K
  class space    used 1005K, capacity 1069K, committed 1152K, reserved 1048576K
}
Event: 0.558 GC heap after
{Heap after GC invocations=1 (full 0):
 garbage-first heap   total 260096K, used 9276K [0x0000000080000000, 0x0000000100000000)
  region size 1024K, 3 young (3072K), 3 survivors (3072K)
 Metaspace       used 9774K, capacity 9952K, committed 10112K, reserved 1058816K
  class space    used 1005K, capacity 1069K, committed 1152K, reserved 1048576K
}
Event: 2.303 GC heap before
{Heap before GC invocations=1 (full 0):
 garbage-first heap   total 260096K, used 114748K [0x0000000080000000, 0x0000000100000000)
  region size 1024K, 106 young (108544K), 3 survivors (3072K)
 Metaspace       used 20774K, capacity 21185K, committed 21296K, reserved 1069056K
  class space    used 2526K, capacity 2688K, committed 2688K, reserved 1048576K
}
Event: 2.316 GC heap after
{Heap after GC invocations=2 (full 0):
 garbage-first heap   total 260096K, used 17039K [0x0000000080000000, 0x0000000100000000)
  region size 1024K, 11 young (11264K), 11 survivors (11264K)
 Metaspace       used 20774K, capacity 21185K, committed 21296K, reserved 1069056K
  class space    used 2526K, capacity 2688K, committed 2688K, reserved 1048576K
}
Event: 2.843 GC heap before
{Heap before GC invocations=3 (full 0):
 garbage-first heap   total 260096K, used 67215K [0x0000000080000000, 0x0000000100000000)
  region size 1024K, 60 young (61440K), 11 survivors (11264K)
 Metaspace       used 26037K, capacity 26685K, committed 27008K, reserved 1073152K
  class space    used 3379K, capacity 3593K, committed 3712K, reserved 1048576K
}
Event: 2.848 GC heap after
{Heap after GC invocations=4 (full 0):
 garbage-first heap   total 260096K, used 19166K [0x0000000080000000, 0x0000000100000000)
  region size 1024K, 3 young (3072K), 3 survivors (3072K)
 Metaspace       used 26037K, capacity 26685K, committed 27008K, reserved 1073152K
  class space    used 3379K, capacity 3593K, committed 3712K, reserved 1048576K
}
Event: 3.700 GC heap before
{Heap before GC invocations=4 (full 0):
 garbage-first heap   total 260096K, used 83678K [0x0000000080000000, 0x0000000100000000)
  region size 1024K, 67 young (68608K), 3 survivors (3072K)
 Metaspace       used 35170K, capacity 35933K, committed 36048K, reserved 1081344K
  class space    used 4519K, capacity 4806K, committed 4864K, reserved 1048576K
}
Event: 3.710 GC heap after
{Heap after GC invocations=5 (full 0):
 garbage-first heap   total 260096K, used 22319K [0x0000000080000000, 0x0000000100000000)
  region size 1024K, 6 young (6144K), 6 survivors (6144K)
 Metaspace       used 35170K, capacity 35933K, committed 36048K, reserved 1081344K
  class space    used 4519K, capacity 4806K, committed 4864K, reserved 1048576K
}
Event: 5.422 GC heap before
{Heap before GC invocations=6 (full 0):
 garbage-first heap   total 260096K, used 142127K [0x0000000080000000, 0x0000000100000000)
  region size 1024K, 120 young (122880K), 6 survivors (6144K)
 Metaspace       used 44974K, capacity 46127K, committed 46288K, reserved 1089536K
  class space    used 5685K, capacity 6078K, committed 6144K, reserved 1048576K
}
Event: 5.435 GC heap after
{Heap after GC invocations=7 (full 0):
 garbage-first heap   total 260096K, used 29672K [0x0000000080000000, 0x0000000100000000)
  region size 1024K, 13 young (13312K), 13 survivors (13312K)
 Metaspace       used 44974K, capacity 46127K, committed 46288K, reserved 1089536K
  class space    used 5685K, capacity 6078K, committed 6144K, reserved 1048576K
}
Event: 7.088 GC heap before
{Heap before GC invocations=7 (full 0):
 garbage-first heap   total 260096K, used 166888K [0x0000000080000000, 0x0000000100000000)
  region size 1024K, 143 young (146432K), 13 survivors (13312K)
 Metaspace       used 53247K, capacity 54697K, committed 54864K, reserved 1097728K
  class space    used 6716K, capacity 7215K, committed 7296K, reserved 1048576K
}
Event: 7.101 GC heap after
{Heap after GC invocations=8 (full 0):
 garbage-first heap   total 260096K, used 42841K [0x0000000080000000, 0x0000000100000000)
  region size 1024K, 17 young (17408K), 17 survivors (17408K)
 Metaspace       used 53247K, capacity 54697K, committed 54864K, reserved 1097728K
  class space    used 6716K, capacity 7215K, committed 7296K, reserved 1048576K
}
Event: 7.777 GC heap before
{Heap before GC invocations=8 (full 0):
 garbage-first heap   total 260096K, used 80729K [0x0000000080000000, 0x0000000100000000)
  region size 1024K, 55 young (56320K), 17 survivors (17408K)
 Metaspace       used 58886K, capacity 60441K, committed 60496K, reserved 1101824K
  class space    used 7439K, capacity 8018K, committed 8064K, reserved 1048576K
}
Event: 7.792 GC heap after
{Heap after GC invocations=9 (full 0):
 garbage-first heap   total 260096K, used 45308K [0x0000000080000000, 0x0000000100000000)
  region size 1024K, 12 young (12288K), 12 survivors (12288K)
 Metaspace       used 58886K, capacity 60441K, committed 60496K, reserved 1101824K
  class space    used 7439K, capacity 8018K, committed 8064K, reserved 1048576K
}
Event: 9.197 GC heap before
{Heap before GC invocations=10 (full 0):
 garbage-first heap   total 260096K, used 195836K [0x0000000080000000, 0x0000000100000000)
  region size 1024K, 152 young (155648K), 12 survivors (12288K)
 Metaspace       used 66935K, capacity 68626K, committed 68688K, reserved 1110016K
  class space    used 8472K, capacity 9084K, committed 9088K, reserved 1048576K
}
Event: 9.209 GC heap after
{Heap after GC invocations=11 (full 0):
 garbage-first heap   total 260096K, used 56849K [0x0000000080000000, 0x0000000100000000)
  region size 1024K, 14 young (14336K), 14 survivors (14336K)
 Metaspace       used 66935K, capacity 68626K, committed 68688K, reserved 1110016K
  class space    used 8472K, capacity 9084K, committed 9088K, reserved 1048576K
}
Event: 11.149 GC heap before
{Heap before GC invocations=11 (full 0):
 garbage-first heap   total 260096K, used 195089K [0x0000000080000000, 0x0000000100000000)
  region size 1024K, 149 young (152576K), 14 survivors (14336K)
 Metaspace       used 76944K, capacity 78875K, committed 79056K, reserved 1118208K
  class space    used 10043K, capacity 10738K, committed 10752K, reserved 1048576K
}
Event: 11.162 GC heap after
{Heap after GC invocations=12 (full 0):
 garbage-first heap   total 260096K, used 65955K [0x0000000080000000, 0x0000000100000000)
  region size 1024K, 10 young (10240K), 10 survivors (10240K)
 Metaspace       used 76944K, capacity 78875K, committed 79056K, reserved 1118208K
  class space    used 10043K, capacity 10738K, committed 10752K, reserved 1048576K
}

