# JRE version: OpenJDK Runtime Environment (11.0.13) (build 11.0.13+0-b1751.21-8125866)
# Java VM: OpenJDK 64-Bit Server VM (11.0.13+0-b1751.21-8125866, mixed mode, tiered, compressed oops, g1 gc, windows-amd64)
Heap:
 garbage-first heap   total 260096K, used 183948K [0x0000000080000000, 0x0000000100000000)
  region size 1024K, 61 young (62464K), 5 survivors (5120K)
 Metaspace       used 114158K, capacity 117489K, committed 125848K, reserved 1157120K
  class space    used 14855K, capacity 16131K, committed 19368K, reserved 1048576K
GC Heap History (20 events):
Event: 8.873 GC heap before
{Heap before GC invocations=11 (full 0):
 garbage-first heap   total 260096K, used 173494K [0x0000000080000000, 0x0000000100000000)
  region size 1024K, 127 young (130048K), 10 survivors (10240K)
 Metaspace       used 72866K, capacity 74670K, committed 74992K, reserved 1114112K
  class space    used 9456K, capacity 10102K, committed 10188K, reserved 1048576K
}
Event: 8.884 GC heap after
{Heap after GC invocations=12 (full 0):
 garbage-first heap   total 260096K, used 62044K [0x0000000080000000, 0x0000000100000000)
  region size 1024K, 9 young (9216K), 9 survivors (9216K)
 Metaspace       used 72866K, capacity 74670K, committed 74992K, reserved 1114112K
  class space    used 9456K, capacity 10102K, committed 10188K, reserved 1048576K
}
Event: 10.157 GC heap before
{Heap before GC invocations=12 (full 0):
 garbage-first heap   total 260096K, used 180828K [0x0000000080000000, 0x0000000100000000)
  region size 1024K, 125 young (128000K), 9 survivors (9216K)
 Metaspace       used 82335K, capacity 84867K, committed 85104K, reserved 1122304K
  class space    used 10890K, capacity 11803K, committed 11852K, reserved 1048576K
}
Event: 10.166 GC heap after
{Heap after GC invocations=13 (full 0):
 garbage-first heap   total 260096K, used 69007K [0x0000000080000000, 0x0000000100000000)
  region size 1024K, 16 young (16384K), 16 survivors (16384K)
 Metaspace       used 82335K, capacity 84867K, committed 85104K, reserved 1122304K
  class space    used 10890K, capacity 11803K, committed 11852K, reserved 1048576K
}
Event: 11.277 GC heap before
{Heap before GC invocations=13 (full 0):
 garbage-first heap   total 260096K, used 187791K [0x0000000080000000, 0x0000000100000000)
  region size 1024K, 133 young (136192K), 16 survivors (16384K)
 Metaspace       used 83679K, capacity 86146K, committed 86256K, reserved 1124352K
  class space    used 10978K, capacity 11892K, committed 11980K, reserved 1048576K
}
Event: 11.291 GC heap after
{Heap after GC invocations=14 (full 0):
 garbage-first heap   total 260096K, used 78082K [0x0000000080000000, 0x0000000100000000)
  region size 1024K, 17 young (17408K), 17 survivors (17408K)
 Metaspace       used 83679K, capacity 86146K, committed 86256K, reserved 1124352K
  class space    used 10978K, capacity 11892K, committed 11980K, reserved 1048576K
}
Event: 13.392 GC heap before
{Heap before GC invocations=14 (full 0):
 garbage-first heap   total 260096K, used 195842K [0x0000000080000000, 0x0000000100000000)
  region size 1024K, 131 young (134144K), 17 survivors (17408K)
 Metaspace       used 92115K, capacity 94805K, committed 94960K, reserved 1132544K
  class space    used 11974K, capacity 12943K, committed 13004K, reserved 1048576K
}
Event: 13.418 GC heap after
{Heap after GC invocations=15 (full 0):
 garbage-first heap   total 260096K, used 96883K [0x0000000080000000, 0x0000000100000000)
  region size 1024K, 17 young (17408K), 17 survivors (17408K)
 Metaspace       used 92115K, capacity 94805K, committed 94960K, reserved 1132544K
  class space    used 11974K, capacity 12943K, committed 13004K, reserved 1048576K
}
Event: 14.299 GC heap before
{Heap before GC invocations=15 (full 0):
 garbage-first heap   total 260096K, used 197235K [0x0000000080000000, 0x0000000100000000)
  region size 1024K, 114 young (116736K), 17 survivors (17408K)
 Metaspace       used 95463K, capacity 98372K, committed 98544K, reserved 1134592K
  class space    used 12407K, capacity 13480K, committed 13516K, reserved 1048576K
}
Event: 14.313 GC heap after
{Heap after GC invocations=16 (full 0):
 garbage-first heap   total 260096K, used 103424K [0x0000000080000000, 0x0000000100000000)
  region size 1024K, 7 young (7168K), 7 survivors (7168K)
 Metaspace       used 95463K, capacity 98372K, committed 98544K, reserved 1134592K
  class space    used 12407K, capacity 13480K, committed 13516K, reserved 1048576K
}
Event: 14.484 GC heap before
{Heap before GC invocations=16 (full 0):
 garbage-first heap   total 260096K, used 117760K [0x0000000080000000, 0x0000000100000000)
  region size 1024K, 23 young (23552K), 7 survivors (7168K)
 Metaspace       used 97257K, capacity 100434K, committed 100456K, reserved 1136640K
  class space    used 12687K, capacity 13870K, committed 13892K, reserved 1048576K
}
Event: 14.493 GC heap after
{Heap after GC invocations=17 (full 0):
 garbage-first heap   total 260096K, used 104959K [0x0000000080000000, 0x0000000100000000)
  region size 1024K, 9 young (9216K), 9 survivors (9216K)
 Metaspace       used 97257K, capacity 100434K, committed 100456K, reserved 1136640K
  class space    used 12687K, capacity 13870K, committed 13892K, reserved 1048576K
}
Event: 15.230 GC heap before
{Heap before GC invocations=18 (full 0):
 garbage-first heap   total 260096K, used 185855K [0x0000000080000000, 0x0000000100000000)
  region size 1024K, 89 young (91136K), 9 survivors (9216K)
 Metaspace       used 107289K, capacity 112268K, committed 112408K, reserved 1144832K
  class space    used 14765K, capacity 16872K, committed 16936K, reserved 1048576K
}
Event: 15.260 GC heap after
{Heap after GC invocations=19 (full 0):
 garbage-first heap   total 260096K, used 115134K [0x0000000080000000, 0x0000000100000000)
  region size 1024K, 12 young (12288K), 12 survivors (12288K)
 Metaspace       used 107289K, capacity 112268K, committed 112408K, reserved 1144832K
  class space    used 14765K, capacity 16872K, committed 16936K, reserved 1048576K
}
Event: 15.850 GC heap before
{Heap before GC invocations=20 (full 0):
 garbage-first heap   total 260096K, used 192958K [0x0000000080000000, 0x0000000100000000)
  region size 1024K, 88 young (90112K), 12 survivors (12288K)
 Metaspace       used 111495K, capacity 117724K, committed 117912K, reserved 1148928K
  class space    used 15651K, capacity 18227K, committed 18344K, reserved 1048576K
}
Event: 15.856 GC heap after
{Heap after GC invocations=21 (full 0):
 garbage-first heap   total 260096K, used 108845K [0x0000000080000000, 0x0000000100000000)
  region size 1024K, 3 young (3072K), 3 survivors (3072K)
 Metaspace       used 111495K, capacity 117724K, committed 117912K, reserved 1148928K
  class space    used 15651K, capacity 18227K, committed 18344K, reserved 1048576K
}
Event: 16.010 GC heap before
{Heap before GC invocations=21 (full 0):
 garbage-first heap   total 260096K, used 118061K [0x0000000080000000, 0x0000000100000000)
  region size 1024K, 12 young (12288K), 3 survivors (3072K)
 Metaspace       used 112646K, capacity 118873K, committed 119064K, reserved 1150976K
  class space    used 15864K, capacity 18452K, committed 18472K, reserved 1048576K
}
Event: 16.014 GC heap after
{Heap after GC invocations=22 (full 0):
 garbage-first heap   total 260096K, used 107873K [0x0000000080000000, 0x0000000100000000)
  region size 1024K, 1 young (1024K), 1 survivors (1024K)
 Metaspace       used 112646K, capacity 118873K, committed 119064K, reserved 1150976K
  class space    used 15864K, capacity 18452K, committed 18472K, reserved 1048576K
}
Event: 16.823 GC heap before
{Heap before GC invocations=22 (full 0):
 garbage-first heap   total 260096K, used 189793K [0x0000000080000000, 0x0000000100000000)
  region size 1024K, 73 young (74752K), 1 survivors (1024K)
 Metaspace       used 118129K, capacity 124573K, committed 124824K, reserved 1155072K
  class space    used 16563K, capacity 19256K, committed 19368K, reserved 1048576K
}
Event: 16.829 GC heap after
{Heap after GC invocations=23 (full 0):
 garbage-first heap   total 260096K, used 121484K [0x0000000080000000, 0x0000000100000000)
  region size 1024K, 5 young (5120K), 5 survivors (5120K)
 Metaspace       used 118129K, capacity 124573K, committed 124824K, reserved 1155072K
  class space    used 16563K, capacity 19256K, committed 19368K, reserved 1048576K
}

