# JRE version: OpenJDK Runtime Environment (11.0.13) (build 11.0.13+0-b1751.21-8125866)
# Java VM: OpenJDK 64-Bit Server VM (11.0.13+0-b1751.21-8125866, mixed mode, tiered, compressed oops, g1 gc, windows-amd64)
Heap:
 garbage-first heap   total 260096K, used 98690K [0x0000000080000000, 0x0000000100000000)
  region size 1024K, 26 young (26624K), 15 survivors (15360K)
 Metaspace       used 91978K, capacity 94750K, committed 94844K, reserved 1130496K
  class space    used 11982K, capacity 13016K, committed 13056K, reserved 1048576K
GC Heap History (20 events):
Event: 2.884 GC heap before
{Heap before GC invocations=3 (full 0):
 garbage-first heap   total 260096K, used 39374K [0x0000000080000000, 0x0000000100000000)
  region size 1024K, 33 young (33792K), 11 survivors (11264K)
 Metaspace       used 22655K, capacity 23184K, committed 23344K, reserved 1069056K
  class space    used 2880K, capacity 3101K, committed 3200K, reserved 1048576K
}
Event: 2.889 GC heap after
{Heap after GC invocations=4 (full 0):
 garbage-first heap   total 260096K, used 17785K [0x0000000080000000, 0x0000000100000000)
  region size 1024K, 2 young (2048K), 2 survivors (2048K)
 Metaspace       used 22655K, capacity 23184K, committed 23344K, reserved 1069056K
  class space    used 2880K, capacity 3101K, committed 3200K, reserved 1048576K
}
Event: 4.361 GC heap before
{Heap before GC invocations=4 (full 0):
 garbage-first heap   total 260096K, used 107897K [0x0000000080000000, 0x0000000100000000)
  region size 1024K, 91 young (93184K), 2 survivors (2048K)
 Metaspace       used 34852K, capacity 35618K, committed 35708K, reserved 1081344K
  class space    used 4484K, capacity 4784K, committed 4864K, reserved 1048576K
}
Event: 4.370 GC heap after
{Heap after GC invocations=5 (full 0):
 garbage-first heap   total 260096K, used 21987K [0x0000000080000000, 0x0000000100000000)
  region size 1024K, 6 young (6144K), 6 survivors (6144K)
 Metaspace       used 34852K, capacity 35618K, committed 35708K, reserved 1081344K
  class space    used 4484K, capacity 4784K, committed 4864K, reserved 1048576K
}
Event: 6.095 GC heap before
{Heap before GC invocations=6 (full 0):
 garbage-first heap   total 260096K, used 142819K [0x0000000080000000, 0x0000000100000000)
  region size 1024K, 121 young (123904K), 6 survivors (6144K)
 Metaspace       used 44869K, capacity 45987K, committed 46204K, reserved 1089536K
  class space    used 5675K, capacity 6072K, committed 6144K, reserved 1048576K
}
Event: 6.104 GC heap after
{Heap after GC invocations=7 (full 0):
 garbage-first heap   total 260096K, used 29423K [0x0000000080000000, 0x0000000100000000)
  region size 1024K, 13 young (13312K), 13 survivors (13312K)
 Metaspace       used 44869K, capacity 45987K, committed 46204K, reserved 1089536K
  class space    used 5675K, capacity 6072K, committed 6144K, reserved 1048576K
}
Event: 7.696 GC heap before
{Heap before GC invocations=7 (full 0):
 garbage-first heap   total 260096K, used 173807K [0x0000000080000000, 0x0000000100000000)
  region size 1024K, 150 young (153600K), 13 survivors (13312K)
 Metaspace       used 53743K, capacity 55175K, committed 55420K, reserved 1097728K
  class space    used 6833K, capacity 7353K, committed 7424K, reserved 1048576K
}
Event: 7.707 GC heap after
{Heap after GC invocations=8 (full 0):
 garbage-first heap   total 260096K, used 43254K [0x0000000080000000, 0x0000000100000000)
  region size 1024K, 18 young (18432K), 18 survivors (18432K)
 Metaspace       used 53743K, capacity 55175K, committed 55420K, reserved 1097728K
  class space    used 6833K, capacity 7353K, committed 7424K, reserved 1048576K
}
Event: 8.214 GC heap before
{Heap before GC invocations=8 (full 0):
 garbage-first heap   total 260096K, used 70902K [0x0000000080000000, 0x0000000100000000)
  region size 1024K, 46 young (47104K), 18 survivors (18432K)
 Metaspace       used 58268K, capacity 59775K, committed 59900K, reserved 1101824K
  class space    used 7377K, capacity 7945K, committed 8064K, reserved 1048576K
}
Event: 8.227 GC heap after
{Heap after GC invocations=9 (full 0):
 garbage-first heap   total 260096K, used 44179K [0x0000000080000000, 0x0000000100000000)
  region size 1024K, 11 young (11264K), 11 survivors (11264K)
 Metaspace       used 58268K, capacity 59775K, committed 59900K, reserved 1101824K
  class space    used 7377K, capacity 7945K, committed 8064K, reserved 1048576K
}
Event: 10.087 GC heap before
{Heap before GC invocations=10 (full 0):
 garbage-first heap   total 260096K, used 195731K [0x0000000080000000, 0x0000000100000000)
  region size 1024K, 152 young (155648K), 11 survivors (11264K)
 Metaspace       used 66429K, capacity 68152K, committed 68348K, reserved 1107968K
  class space    used 8428K, capacity 9055K, committed 9088K, reserved 1048576K
}
Event: 10.100 GC heap after
{Heap after GC invocations=11 (full 0):
 garbage-first heap   total 260096K, used 55177K [0x0000000080000000, 0x0000000100000000)
  region size 1024K, 12 young (12288K), 12 survivors (12288K)
 Metaspace       used 66429K, capacity 68152K, committed 68348K, reserved 1107968K
  class space    used 8428K, capacity 9055K, committed 9088K, reserved 1048576K
}
Event: 11.969 GC heap before
{Heap before GC invocations=11 (full 0):
 garbage-first heap   total 260096K, used 196489K [0x0000000080000000, 0x0000000100000000)
  region size 1024K, 150 young (153600K), 12 survivors (12288K)
 Metaspace       used 76742K, capacity 78626K, committed 78716K, reserved 1118208K
  class space    used 10048K, capacity 10741K, committed 10752K, reserved 1048576K
}
Event: 11.981 GC heap after
{Heap after GC invocations=12 (full 0):
 garbage-first heap   total 260096K, used 64881K [0x0000000080000000, 0x0000000100000000)
  region size 1024K, 10 young (10240K), 10 survivors (10240K)
 Metaspace       used 76742K, capacity 78626K, committed 78716K, reserved 1118208K
  class space    used 10048K, capacity 10741K, committed 10752K, reserved 1048576K
}
Event: 13.308 GC heap before
{Heap before GC invocations=12 (full 0):
 garbage-first heap   total 260096K, used 199025K [0x0000000080000000, 0x0000000100000000)
  region size 1024K, 142 young (145408K), 10 survivors (10240K)
 Metaspace       used 82995K, capacity 85530K, committed 85884K, reserved 1124352K
  class space    used 10974K, capacity 11906K, committed 12032K, reserved 1048576K
}
Event: 13.320 GC heap after
{Heap after GC invocations=13 (full 0):
 garbage-first heap   total 260096K, used 73662K [0x0000000080000000, 0x0000000100000000)
  region size 1024K, 18 young (18432K), 18 survivors (18432K)
 Metaspace       used 82995K, capacity 85530K, committed 85884K, reserved 1124352K
  class space    used 10974K, capacity 11906K, committed 12032K, reserved 1048576K
}
Event: 13.863 GC heap before
{Heap before GC invocations=13 (full 0):
 garbage-first heap   total 260096K, used 201662K [0x0000000080000000, 0x0000000100000000)
  region size 1024K, 144 young (147456K), 18 survivors (18432K)
 Metaspace       used 83748K, capacity 86249K, committed 86396K, reserved 1124352K
  class space    used 11010K, capacity 11928K, committed 12032K, reserved 1048576K
}
Event: 13.879 GC heap after
{Heap after GC invocations=14 (full 0):
 garbage-first heap   total 260096K, used 81779K [0x0000000080000000, 0x0000000100000000)
  region size 1024K, 18 young (18432K), 18 survivors (18432K)
 Metaspace       used 83748K, capacity 86249K, committed 86396K, reserved 1124352K
  class space    used 11010K, capacity 11928K, committed 12032K, reserved 1048576K
}
Event: 69.943 GC heap before
{Heap before GC invocations=14 (full 0):
 garbage-first heap   total 260096K, used 222067K [0x0000000080000000, 0x0000000100000000)
  region size 1024K, 138 young (141312K), 18 survivors (18432K)
 Metaspace       used 91773K, capacity 94503K, committed 94588K, reserved 1130496K
  class space    used 11978K, capacity 13008K, committed 13056K, reserved 1048576K
}
Event: 69.960 GC heap after
{Heap after GC invocations=15 (full 0):
 garbage-first heap   total 260096K, used 88450K [0x0000000080000000, 0x0000000100000000)
  region size 1024K, 15 young (15360K), 15 survivors (15360K)
 Metaspace       used 91773K, capacity 94503K, committed 94588K, reserved 1130496K
  class space    used 11978K, capacity 13008K, committed 13056K, reserved 1048576K
}

